=== mantenimiento ===
✓ Motil — Plataforma Operacional Minera
  http://localhost:3000/dashboard
✓ Done
Motil — Plataforma Operacional Minera
=== finanzas ===
✓ Motil — Plataforma Operacional Minera
  http://localhost:3000/dashboard/finanzas
✓ Done
Motil — Plataforma Operacional Minera
=== hse ===
✓ HSE Dashboard - Compliance & Safety
  http://localhost:3000/dashboard/hse
✓ Done
HSE Dashboard - Compliance & Safety
=== bodega ===
✓ Motil — Plataforma Operacional Minera
  http://localhost:3000/dashboard/bodega
✓ Done
Motil — Plataforma Operacional Minera
=== documentos-gestion ===
✓ Motil — Plataforma Operacional Minera
  http://localhost:3000/dashboard/documentos-gestion
✓ Done
Motil — Plataforma Operacional Minera
=== alertas ===
✓ Motil — Plataforma Operacional Minera
  http://localhost:3000/dashboard/alertas
✓ Done
Motil — Plataforma Operacional Minera
